<?xml version="1.0" encoding="UTF-8"?>
<!-- Generated by org.testng.reporters.JUnitReportReporter -->
<testsuite hostname="DESKTOP-6R0KULP" failures="0" tests="1" name="com.comcast.crm.contacttest.CreateContactTest" time="22.772" errors="0" timestamp="2024-10-07T16:08:09 IST" skipped="0">
  <testcase classname="com.comcast.crm.contacttest.CreateContactTest" name="createContactWithOrgTest" time="22.772"/>
</testsuite> <!-- com.comcast.crm.contacttest.CreateContactTest -->
