<?xml version="1.0" encoding="UTF-8"?>
<!-- Generated by org.testng.reporters.JUnitReportReporter -->
<testsuite hostname="DESKTOP-6R0KULP" failures="0" tests="3" name="testNG.GetProductInfoTest" time="12.210" errors="0" timestamp="2024-10-01T13:03:20 IST" skipped="0">
  <testcase classname="testNG.GetProductInfoTest" name="getProductInfoTest" time="4.414"/>
  <testcase classname="testNG.GetProductInfoTest" name="getProductInfoTest" time="3.859"/>
  <testcase classname="testNG.GetProductInfoTest" name="getProductInfoTest" time="3.937"/>
</testsuite> <!-- testNG.GetProductInfoTest -->
