<?xml version="1.0" encoding="UTF-8"?>
<!-- Generated by org.testng.reporters.JUnitReportReporter -->
<testsuite hostname="DESKTOP-6R0KULP" failures="0" tests="2" name="com.crm.comcast.contacttest.CreateContactTest" time="0.018" errors="0" timestamp="2024-10-04T10:39:40 IST" skipped="0">
  <testcase classname="com.crm.comcast.contacttest.CreateContactTest" name="createContactWithDate" time="0.005"/>
  <testcase classname="com.crm.comcast.contacttest.CreateContactTest" name="createContact" time="0.013"/>
</testsuite> <!-- com.crm.comcast.contacttest.CreateContactTest -->
