<?xml version="1.0" encoding="UTF-8"?>
<!-- Generated by org.testng.reporters.JUnitReportReporter -->
<testsuite hostname="DESKTOP-6R0KULP" failures="0" tests="1" name="practice.test.InvoiceTest2" time="0.009" errors="0" timestamp="2024-10-08T12:37:34 IST" skipped="0">
  <testcase classname="practice.test.InvoiceTest2" name="activateSim" time="0.009"/>
</testsuite> <!-- practice.test.InvoiceTest2 -->
