<?xml version="1.0" encoding="UTF-8"?>
<!-- Generated by org.testng.reporters.JUnitReportReporter -->
<testsuite hostname="DESKTOP-6R0KULP" failures="0" tests="2" name="practice.test.InvoiceTest" time="6.421" errors="0" timestamp="2024-10-28T15:09:21 IST" skipped="0">
  <testcase classname="practice.test.InvoiceTest" name="createInvoiceTest" time="2.647"/>
  <testcase classname="practice.test.InvoiceTest" name="createInvoiceWithContactTest" time="3.774"/>
</testsuite> <!-- practice.test.InvoiceTest -->
